Using pre-set license
Built from '2020.3/staging' branch; Version is '2020.3.30f1 (1fb1bf06830e) revision 2077119'; Using compiler version '192528614'; Build Type 'Release'
OS: 'Windows 10  (10.0.19044) 64bit Professional' Language: 'en' Physical Memory: 16206 MB
BatchMode: 1, IsHumanControllingUs: 0, StartBugReporterOnCrash: 0, Is64bit: 1, IsPro: 0

COMMAND LINE ARGUMENTS:
C:\Program Files\Unity\Hub\Editor\2020.3.30f1\Editor\Unity.exe
-adb2
-batchMode
-noUpm
-name
AssetImportWorker0
-projectPath
C:/Users/ADMIN/Downloads/Covid_Game/Covid_Game/SourceCode/Covid
-logFile
Logs/AssetImportWorker0.log
-srvPort
51785
Successfully changed project path to: C:/Users/ADMIN/Downloads/Covid_Game/Covid_Game/SourceCode/Covid
C:/Users/ADMIN/Downloads/Covid_Game/Covid_Game/SourceCode/Covid
Using Asset Import Pipeline V2.
Refreshing native plugins compatible for Editor in 104.83 ms, found 2 plugins.
Preloading 0 native plugins for Editor in 0.00 ms.
Initialize engine version: 2020.3.30f1 (1fb1bf06830e)
[Subsystems] Discovering subsystems at path C:/Program Files/Unity/Hub/Editor/2020.3.30f1/Editor/Data/Resources/UnitySubsystems
[Subsystems] Discovering subsystems at path C:/Users/ADMIN/Downloads/Covid_Game/Covid_Game/SourceCode/Covid/Assets
GfxDevice: creating device client; threaded=0
Direct3D:
    Version:  Direct3D 11.0 [level 11.0]
    Renderer: NVIDIA Quadro M1000M (ID=0x13b1)
    Vendor:   
    VRAM:     2006 MB
    Driver:   31.0.15.2908
Initialize mono
Mono path[0] = 'C:/Program Files/Unity/Hub/Editor/2020.3.30f1/Editor/Data/Managed'
Mono path[1] = 'C:/Program Files/Unity/Hub/Editor/2020.3.30f1/Editor/Data/MonoBleedingEdge/lib/mono/unityjit'
Mono config path = 'C:/Program Files/Unity/Hub/Editor/2020.3.30f1/Editor/Data/MonoBleedingEdge/etc'
Using monoOptions --debugger-agent=transport=dt_socket,embedding=1,server=y,suspend=n,address=127.0.0.1:56984
Begin MonoManager ReloadAssembly
Registering precompiled unity dll's ...
Register platform support module: C:/Program Files/Unity/Hub/Editor/2020.3.30f1/Editor/Data/PlaybackEngines/WindowsStandaloneSupport/UnityEditor.WindowsStandalone.Extensions.dll
Registered in 0.003793 seconds.
Native extension for WindowsStandalone target not found
Refreshing native plugins compatible for Editor in 62.70 ms, found 2 plugins.
Preloading 0 native plugins for Editor in 0.00 ms.
Mono: successfully reloaded assembly
- Completed reload, in  0.747 seconds
Domain Reload Profiling:
	ReloadAssembly (747ms)
		BeginReloadAssembly (141ms)
			ExecutionOrderSort (0ms)
			DisableScriptedObjects (0ms)
			BackupInstance (0ms)
			ReleaseScriptingObjects (0ms)
			CreateAndSetChildDomain (1ms)
		EndReloadAssembly (523ms)
			LoadAssemblies (138ms)
			RebuildTransferFunctionScriptingTraits (0ms)
			SetupTypeCache (169ms)
			ReleaseScriptCaches (0ms)
			RebuildScriptCaches (35ms)
			SetupLoadedEditorAssemblies (210ms)
				LogAssemblyErrors (0ms)
				InitializePlatformSupportModulesInManaged (5ms)
				SetLoadedEditorAssemblies (0ms)
				RefreshPlugins (63ms)
				BeforeProcessingInitializeOnLoad (9ms)
				ProcessInitializeOnLoadAttributes (93ms)
				ProcessInitializeOnLoadMethodAttributes (40ms)
				AfterProcessingInitializeOnLoad (0ms)
				EditorAssembliesLoaded (0ms)
			ExecutionOrderSort2 (0ms)
			AwakeInstancesAfterBackupRestoration (0ms)
Platform modules already initialized, skipping
Registering precompiled user dll's ...
Registered in 0.011294 seconds.
Begin MonoManager ReloadAssembly
Symbol file LoadedFromMemory doesn't match image C:\Users\ADMIN\Downloads\Covid_Game\Covid_Game\SourceCode\Covid\Library\PackageCache\com.unity.collab-proxy@1.15.15\Lib\Editor\PlasticSCM\unityplastic.dll
Native extension for WindowsStandalone target not found
Refreshing native plugins compatible for Editor in 0.69 ms, found 2 plugins.
Preloading 0 native plugins for Editor in 0.00 ms.
Mono: successfully reloaded assembly
- Completed reload, in  1.313 seconds
Domain Reload Profiling:
	ReloadAssembly (1320ms)
		BeginReloadAssembly (187ms)
			ExecutionOrderSort (0ms)
			DisableScriptedObjects (5ms)
			BackupInstance (0ms)
			ReleaseScriptingObjects (0ms)
			CreateAndSetChildDomain (23ms)
		EndReloadAssembly (1058ms)
			LoadAssemblies (176ms)
			RebuildTransferFunctionScriptingTraits (0ms)
			SetupTypeCache (343ms)
			ReleaseScriptCaches (0ms)
			RebuildScriptCaches (60ms)
			SetupLoadedEditorAssemblies (377ms)
				LogAssemblyErrors (0ms)
				InitializePlatformSupportModulesInManaged (5ms)
				SetLoadedEditorAssemblies (0ms)
				RefreshPlugins (1ms)
				BeforeProcessingInitializeOnLoad (77ms)
				ProcessInitializeOnLoadAttributes (271ms)
				ProcessInitializeOnLoadMethodAttributes (16ms)
				AfterProcessingInitializeOnLoad (5ms)
				EditorAssembliesLoaded (0ms)
			ExecutionOrderSort2 (0ms)
			AwakeInstancesAfterBackupRestoration (7ms)
Platform modules already initialized, skipping
========================================================================
Worker process is ready to serve import requests
Launched and connected shader compiler UnityShaderCompiler.exe after 0.07 seconds
Refreshing native plugins compatible for Editor in 0.87 ms, found 2 plugins.
Preloading 0 native plugins for Editor in 0.00 ms.
Unloading 2320 Unused Serialized files (Serialized files now loaded: 0)
System memory in use before: 99.1 MB.
System memory in use after: 96.6 MB.

Unloading 78 unused Assets to reduce memory usage. Loaded Objects now: 2704.
Total: 4.935700 ms (FindLiveObjects: 0.189400 ms CreateObjectMapping: 0.101500 ms MarkObjects: 2.996600 ms  DeleteObjects: 1.647500 ms)

AssetImportParameters requested are different than current active one (requested -> active):
  custom:framework-win-MediaFoundation: 216162199b28c13a410421893ffa2e32 -> 
  custom:video-decoder-ogg-theora: a1e56fd34408186e4bbccfd4996cb3dc -> 
  custom:container-muxer-webm: aa71ff27fc2769a1b78a27578f13a17b -> 
  custom:container-demuxer-webm: 4f35f7cbe854078d1ac9338744f61a02 -> 
  custom:container-demuxer-ogg: 62fdf1f143b41e24485cea50d1cbac27 -> 
  custom:video-encoder-webm-vp8: eb34c28f22e8b96e1ab97ce403110664 -> 
  custom:video-decoder-webm-vp8: 9c59270c3fd7afecdb556c50c9e8de78 -> 
  custom:audio-decoder-ogg-vorbis: bf7c407c2cedff20999df2af8eb42d56 -> 
  custom:audio-encoder-webm-vorbis: bf7c407c2cedff20999df2af8eb42d56 -> 
========================================================================
Received Import Request.
  path: Assets/_Course Library/_Source_Files/Materials/SimpleFarmer_FarmersWife_Black.mat
  artifactKey: Guid(f98c6192bf2545644bb912bfaf19f832) Importer(815301076,1909f56bfc062723c751e8b465ee728b)
Start importing Assets/_Course Library/_Source_Files/Materials/SimpleFarmer_FarmersWife_Black.mat using Guid(f98c6192bf2545644bb912bfaf19f832) Importer(815301076,1909f56bfc062723c751e8b465ee728b)  -> (artifact id: 'a71fdf8526596c4e1740f9c1a6e7b9e2') in 0.182427 seconds 
========================================================================
Received Import Request.
  Time since last request: 0.000289 seconds.
  path: Assets/_TextMesh Pro/Examples & Extras/Textures/Wipe Pattern - Radial Quad.psd
  artifactKey: Guid(2b5e9ae96c5644d8bae932f8b4ca68a2) Importer(815301076,1909f56bfc062723c751e8b465ee728b)
Start importing Assets/_TextMesh Pro/Examples & Extras/Textures/Wipe Pattern - Radial Quad.psd using Guid(2b5e9ae96c5644d8bae932f8b4ca68a2) Importer(815301076,1909f56bfc062723c751e8b465ee728b)  -> (artifact id: '33a0c57880eb4ee64987410d70cd8435') in 0.047872 seconds 
========================================================================
Received Import Request.
  Time since last request: 0.000351 seconds.
  path: Assets/_TextMesh Pro/Examples & Extras/Textures/Wipe Pattern - Circle.psd
  artifactKey: Guid(10c49fcd9c64421db7c0133e61e55f97) Importer(815301076,1909f56bfc062723c751e8b465ee728b)
Start importing Assets/_TextMesh Pro/Examples & Extras/Textures/Wipe Pattern - Circle.psd using Guid(10c49fcd9c64421db7c0133e61e55f97) Importer(815301076,1909f56bfc062723c751e8b465ee728b)  -> (artifact id: '127fc8b7729191a515412c0bd298ffff') in 0.026227 seconds 
========================================================================
Received Import Request.
  Time since last request: 0.000327 seconds.
  path: Assets/Prefabs/UI/WinnerUI.prefab
  artifactKey: Guid(58b4578caa7f477429a6a4d62c965f54) Importer(815301076,1909f56bfc062723c751e8b465ee728b)
Start importing Assets/Prefabs/UI/WinnerUI.prefab using Guid(58b4578caa7f477429a6a4d62c965f54) Importer(815301076,1909f56bfc062723c751e8b465ee728b)  -> (artifact id: 'bed700b50fbcabca2b4acbd20864c7b3') in 0.036256 seconds 
========================================================================
Received Import Request.
  Time since last request: 0.000362 seconds.
  path: Assets/Art/Other/Winner.png
  artifactKey: Guid(213301686bdcdac4e9f52bbe730c30a2) Importer(815301076,1909f56bfc062723c751e8b465ee728b)
Start importing Assets/Art/Other/Winner.png using Guid(213301686bdcdac4e9f52bbe730c30a2) Importer(815301076,1909f56bfc062723c751e8b465ee728b)  -> (artifact id: 'a447d69e9823fd187f6549ff173fdae9') in 0.086883 seconds 
========================================================================
Received Import Request.
  Time since last request: 0.000274 seconds.
  path: Assets/_Course Library/_Source_Files/Materials/SimpleFarmer_FarmersWife_White.mat
  artifactKey: Guid(94bc80c9a69c60e40a7f3e87548db65e) Importer(815301076,1909f56bfc062723c751e8b465ee728b)
Start importing Assets/_Course Library/_Source_Files/Materials/SimpleFarmer_FarmersWife_White.mat using Guid(94bc80c9a69c60e40a7f3e87548db65e) Importer(815301076,1909f56bfc062723c751e8b465ee728b)  -> (artifact id: '380c96fb25f37ece4975114a9c2ebd36') in 0.038488 seconds 
========================================================================
Received Import Request.
  Time since last request: 0.000292 seconds.
  path: Assets/_TextMesh Pro/Examples & Extras/Textures/Wipe Pattern - Diagonal.psd
  artifactKey: Guid(ed5290d8df18488780e2996b9b882f01) Importer(815301076,1909f56bfc062723c751e8b465ee728b)
Start importing Assets/_TextMesh Pro/Examples & Extras/Textures/Wipe Pattern - Diagonal.psd using Guid(ed5290d8df18488780e2996b9b882f01) Importer(815301076,1909f56bfc062723c751e8b465ee728b)  -> (artifact id: '05841275776afc08890f5202ef47b9c4') in 0.021783 seconds 
========================================================================
Received Import Request.
  Time since last request: 0.000267 seconds.
  path: Assets/_Course Library/_Source_Files/Materials/SimpleFarmer_FarmersWife_Brown.mat
  artifactKey: Guid(dea8da5c59fb63f43bdae7f3ae6f83e9) Importer(815301076,1909f56bfc062723c751e8b465ee728b)
Start importing Assets/_Course Library/_Source_Files/Materials/SimpleFarmer_FarmersWife_Brown.mat using Guid(dea8da5c59fb63f43bdae7f3ae6f83e9) Importer(815301076,1909f56bfc062723c751e8b465ee728b)  -> (artifact id: '91b744ae661f1d1b48c1af379b52d7ba') in 0.034372 seconds 
========================================================================
Received Import Request.
  Time since last request: 0.000262 seconds.
  path: Assets/_Course Library/_Source_Files/Textures/SimpleFarmer_FarmersWife_Black.png
  artifactKey: Guid(1d2be5615bea5d44f97a1c40b5c11815) Importer(815301076,1909f56bfc062723c751e8b465ee728b)
Start importing Assets/_Course Library/_Source_Files/Textures/SimpleFarmer_FarmersWife_Black.png using Guid(1d2be5615bea5d44f97a1c40b5c11815) Importer(815301076,1909f56bfc062723c751e8b465ee728b)  -> (artifact id: 'd46e8c46a651abd900c97ab025a47cf6') in 0.018754 seconds 
========================================================================
Received Import Request.
  Time since last request: 0.000378 seconds.
  path: Assets/_Course Library/_Source_Files/Textures/SimpleFarmer_FarmersWife_White.png
  artifactKey: Guid(f555d3f85b4960e4287918ec81c10d9a) Importer(815301076,1909f56bfc062723c751e8b465ee728b)
Start importing Assets/_Course Library/_Source_Files/Textures/SimpleFarmer_FarmersWife_White.png using Guid(f555d3f85b4960e4287918ec81c10d9a) Importer(815301076,1909f56bfc062723c751e8b465ee728b)  -> (artifact id: '5a9dc0d6c655623af922e27617cd71fb') in 0.016545 seconds 
========================================================================
Received Import Request.
  Time since last request: 0.000346 seconds.
  path: Assets/_CubexCube - Free City Pack I/Prefabs/Roads/Road_With_Band_Half_Without_Border_2.prefab
  artifactKey: Guid(05780c3da5ea4dd47a3c839b5b3c3ce4) Importer(815301076,1909f56bfc062723c751e8b465ee728b)
Start importing Assets/_CubexCube - Free City Pack I/Prefabs/Roads/Road_With_Band_Half_Without_Border_2.prefab using Guid(05780c3da5ea4dd47a3c839b5b3c3ce4) Importer(815301076,1909f56bfc062723c751e8b465ee728b)  -> (artifact id: '72f0f413cf607563bcc550bd11767600') in 0.058243 seconds 
========================================================================
Received Import Request.
  Time since last request: 0.000270 seconds.
  path: Assets/_Course Library/_Source_Files/Textures/SimpleFarmer_FarmersWife_Brown.png
  artifactKey: Guid(6e4a419d05af9f049b1f7cdca7274f70) Importer(815301076,1909f56bfc062723c751e8b465ee728b)
Start importing Assets/_Course Library/_Source_Files/Textures/SimpleFarmer_FarmersWife_Brown.png using Guid(6e4a419d05af9f049b1f7cdca7274f70) Importer(815301076,1909f56bfc062723c751e8b465ee728b)  -> (artifact id: '4fa0973e1433421e609e6ef875271ab3') in 0.018971 seconds 
========================================================================
Received Import Request.
  Time since last request: 0.000439 seconds.
  path: Assets/_TextMesh Pro/Examples & Extras/Textures/Wipe Pattern - Radial Double.psd
  artifactKey: Guid(7631f4eff8f74ed38eb3eb9db17134e1) Importer(815301076,1909f56bfc062723c751e8b465ee728b)
Start importing Assets/_TextMesh Pro/Examples & Extras/Textures/Wipe Pattern - Radial Double.psd using Guid(7631f4eff8f74ed38eb3eb9db17134e1) Importer(815301076,1909f56bfc062723c751e8b465ee728b)  -> (artifact id: 'c5025efa07472b09a53644ea94ed3cf9') in 0.026237 seconds 
========================================================================
Received Import Request.
  Time since last request: 0.000274 seconds.
  path: Assets/_CubexCube - Free City Pack I/Models/Roads/Road_With_Band_Half_Without_Border_2.fbx
  artifactKey: Guid(64cf0d1b26b56494882dae7ceed064b1) Importer(815301076,1909f56bfc062723c751e8b465ee728b)
Start importing Assets/_CubexCube - Free City Pack I/Models/Roads/Road_With_Band_Half_Without_Border_2.fbx using Guid(64cf0d1b26b56494882dae7ceed064b1) Importer(815301076,1909f56bfc062723c751e8b465ee728b)  -> (artifact id: 'c9b0479a194822ba3d387675c1db4499') in 0.053808 seconds 
========================================================================
Received Import Request.
  Time since last request: 40.400613 seconds.
  path: Assets/Scenes/MainGame.unity
  artifactKey: Guid(e78c0c7318bf343459d9a3173eb170ab) Importer(815301076,1909f56bfc062723c751e8b465ee728b)
Start importing Assets/Scenes/MainGame.unity using Guid(e78c0c7318bf343459d9a3173eb170ab) Importer(815301076,1909f56bfc062723c751e8b465ee728b)  -> (artifact id: '05a5595464a672a5f65b5bc1a6052d93') in 0.010997 seconds 
========================================================================
Received Import Request.
  Time since last request: 64.447124 seconds.
  path: Assets/Scripts/UI/TutorialUI
  artifactKey: Guid(881bcd0b89bf17b488f7746796e9f648) Importer(815301076,1909f56bfc062723c751e8b465ee728b)
Start importing Assets/Scripts/UI/TutorialUI using Guid(881bcd0b89bf17b488f7746796e9f648) Importer(815301076,1909f56bfc062723c751e8b465ee728b)  -> (artifact id: 'd4c1eabb7ba2210bbcb4de6d53865cb9') in 0.009213 seconds 
========================================================================
Received Import Request.
  Time since last request: 40.734392 seconds.
  path: Assets/Scripts/UI/Tooltip
  artifactKey: Guid(4b5139132d175e54c98894f722bba6a4) Importer(815301076,1909f56bfc062723c751e8b465ee728b)
Start importing Assets/Scripts/UI/Tooltip using Guid(4b5139132d175e54c98894f722bba6a4) Importer(815301076,1909f56bfc062723c751e8b465ee728b)  -> (artifact id: '67c2d6c19e9aa4d9fadc3f1267b70b33') in 0.008968 seconds 
========================================================================
Received Import Request.
  Time since last request: 78.909148 seconds.
  path: Assets/Animation/SwitchScreen.controller
  artifactKey: Guid(4347a4d5260890841b2f5edaad17e79e) Importer(815301076,1909f56bfc062723c751e8b465ee728b)
Start importing Assets/Animation/SwitchScreen.controller using Guid(4347a4d5260890841b2f5edaad17e79e) Importer(815301076,1909f56bfc062723c751e8b465ee728b)  -> (artifact id: '684980206e9e921cf5083ae038f4d82b') in 0.019406 seconds 
========================================================================
Received Import Request.
  Time since last request: 9.839730 seconds.
  path: Assets/Animation/CloseScreen.anim
  artifactKey: Guid(03b028f6f9dfc574b8a2a903695448d9) Importer(815301076,1909f56bfc062723c751e8b465ee728b)
Start importing Assets/Animation/CloseScreen.anim using Guid(03b028f6f9dfc574b8a2a903695448d9) Importer(815301076,1909f56bfc062723c751e8b465ee728b)  -> (artifact id: '5c2ab2e68b236c9c0a1d8c368a58961e') in 0.011801 seconds 
========================================================================
Received Import Request.
  Time since last request: 1.175833 seconds.
  path: Assets/Animation/OpenScreen.anim
  artifactKey: Guid(03c030a3b95315a4097370543c548876) Importer(815301076,1909f56bfc062723c751e8b465ee728b)
Start importing Assets/Animation/OpenScreen.anim using Guid(03c030a3b95315a4097370543c548876) Importer(815301076,1909f56bfc062723c751e8b465ee728b)  -> (artifact id: '82bb09052947341c820f3fd26fc43f89') in 0.011854 seconds 
========================================================================
Received Import Request.
  Time since last request: 5757.033874 seconds.
  path: Assets/Scripts/UI/NotifyUI/NotifyUI.cs
  artifactKey: Guid(887228ac91d87a547903661c29fc84a3) Importer(815301076,1909f56bfc062723c751e8b465ee728b)
Start importing Assets/Scripts/UI/NotifyUI/NotifyUI.cs using Guid(887228ac91d87a547903661c29fc84a3) Importer(815301076,1909f56bfc062723c751e8b465ee728b)  -> (artifact id: '9b4738ec892da3ed2e032cdf7be7931d') in 0.021996 seconds 
